<?xml version="1.0" encoding="UTF-8"?>
<!-- Generated by org.testng.reporters.JUnitReportReporter -->
<testsuite hostname="hnc" failures="0" tests="2" name="oracle.Trivago.testNgTest" time="0.019" errors="0" timestamp="5 Dec 2020 11:49:58 GMT">
  <testcase classname="oracle.Trivago.testNgTest" name="helpSupport" time="0.004"/>
  <testcase classname="oracle.Trivago.testNgTest" name="CreateAccount" time="0.015"/>
</testsuite> <!-- oracle.Trivago.testNgTest -->
