<?xml version="1.0" encoding="UTF-8"?>
<!-- Generated by org.testng.reporters.JUnitReportReporter -->
<testsuite hostname="Devesh" name="oracle.Trivago.HomePage" tests="1" failures="0" timestamp="1 Dec 2020 18:17:50 GMT" time="13.699" errors="0">
  <testcase name="homePageNav" time="13.699" classname="oracle.Trivago.HomePage"/>
</testsuite> <!-- oracle.Trivago.HomePage -->
